2023-02-02 12:41:48.004  INFO 20840 --- [restartedMain] c.c.o.OnlinePlantApp1Application         : Starting OnlinePlantApp1Application using Java 17.0.5 on INLEN8520069525 with PID 20840 (C:\MySpringBootWork\OnlinePlantApp1\bin\main started by keejanga in C:\MySpringBootWork\OnlinePlantApp1)
2023-02-02 12:41:48.053  INFO 20840 --- [restartedMain] c.c.o.OnlinePlantApp1Application         : No active profile set, falling back to 1 default profile: "default"
2023-02-02 12:41:49.543  INFO 20840 --- [restartedMain] o.apache.catalina.core.StandardService   : Starting service [Tomcat]
2023-02-02 12:41:49.545  INFO 20840 --- [restartedMain] org.apache.catalina.core.StandardEngine  : Starting Servlet engine: [Apache Tomcat/9.0.71]
2023-02-02 12:41:49.684  INFO 20840 --- [restartedMain] o.a.c.c.C.[Tomcat].[localhost].[/]       : Initializing Spring embedded WebApplicationContext
2023-02-02 12:41:49.925  INFO 20840 --- [restartedMain] o.hibernate.jpa.internal.util.LogHelper  : HHH000204: Processing PersistenceUnitInfo [name: default]
2023-02-02 12:41:49.997  INFO 20840 --- [restartedMain] org.hibernate.Version                    : HHH000412: Hibernate ORM core version 5.6.14.Final
2023-02-02 12:41:50.163  INFO 20840 --- [restartedMain] o.hibernate.annotations.common.Version   : HCANN000001: Hibernate Commons Annotations {5.1.2.Final}
2023-02-02 12:41:50.259  INFO 20840 --- [restartedMain] com.zaxxer.hikari.HikariDataSource       : HikariPool-1 - Starting...
2023-02-02 12:41:50.628  INFO 20840 --- [restartedMain] com.zaxxer.hikari.HikariDataSource       : HikariPool-1 - Start completed.
2023-02-02 12:41:50.644  INFO 20840 --- [restartedMain] org.hibernate.dialect.Dialect            : HHH000400: Using dialect: org.hibernate.dialect.PostgreSQLDialect
2023-02-02 12:41:51.263  INFO 20840 --- [restartedMain] o.h.e.t.j.p.i.JtaPlatformInitiator       : HHH000490: Using JtaPlatform implementation: [org.hibernate.engine.transaction.jta.platform.internal.NoJtaPlatform]
2023-02-02 12:41:51.763  WARN 20840 --- [restartedMain] JpaBaseConfiguration$JpaWebConfiguration : spring.jpa.open-in-view is enabled by default. Therefore, database queries may be performed during view rendering. Explicitly configure spring.jpa.open-in-view to disable this warning
2023-02-02 12:41:52.252  INFO 20840 --- [restartedMain] c.c.o.OnlinePlantApp1Application         : Started OnlinePlantApp1Application in 4.64 seconds (JVM running for 5.287)
2023-02-02 12:43:09.380  INFO 20840 --- [http-nio-2002-exec-2] o.a.c.c.C.[Tomcat].[localhost].[/]       : Initializing Spring DispatcherServlet 'dispatcherServlet'
2023-02-02 12:48:06.177  WARN 20840 --- [http-nio-2002-exec-8] .w.s.m.s.DefaultHandlerExceptionResolver : Resolved [org.springframework.web.method.annotation.MethodArgumentTypeMismatchException: Failed to convert value of type 'java.lang.String' to required type 'java.lang.Integer'; nested exception is java.lang.NumberFormatException: For input string: "{pID}"]
2023-02-02 12:49:32.770  WARN 20840 --- [http-nio-2002-exec-3] .w.s.m.s.DefaultHandlerExceptionResolver : Resolved [org.springframework.web.HttpRequestMethodNotSupportedException: Request method 'DELETE' not supported]
2023-02-02 12:56:19.774  INFO 20840 --- [Thread-5] o.apache.catalina.core.StandardService   : Stopping service [Tomcat]
2023-02-02 12:56:19.776  INFO 20840 --- [Thread-5] o.a.c.c.C.[Tomcat].[localhost].[/]       : Destroying Spring FrameworkServlet 'dispatcherServlet'
2023-02-02 12:56:19.786  INFO 20840 --- [Thread-5] com.zaxxer.hikari.HikariDataSource       : HikariPool-1 - Shutdown initiated...
2023-02-02 12:56:19.791  INFO 20840 --- [Thread-5] com.zaxxer.hikari.HikariDataSource       : HikariPool-1 - Shutdown completed.
2023-02-02 12:56:19.895  INFO 20840 --- [restartedMain] c.c.o.OnlinePlantApp1Application         : Starting OnlinePlantApp1Application using Java 17.0.5 on INLEN8520069525 with PID 20840 (C:\MySpringBootWork\OnlinePlantApp1\bin\main started by keejanga in C:\MySpringBootWork\OnlinePlantApp1)
2023-02-02 12:56:19.898  INFO 20840 --- [restartedMain] c.c.o.OnlinePlantApp1Application         : No active profile set, falling back to 1 default profile: "default"
2023-02-02 12:56:20.369  INFO 20840 --- [restartedMain] o.apache.catalina.core.StandardService   : Starting service [Tomcat]
2023-02-02 12:56:20.369  INFO 20840 --- [restartedMain] org.apache.catalina.core.StandardEngine  : Starting Servlet engine: [Apache Tomcat/9.0.71]
2023-02-02 12:56:20.440  INFO 20840 --- [restartedMain] o.a.c.c.C.[Tomcat].[localhost].[/]       : Initializing Spring embedded WebApplicationContext
2023-02-02 12:56:20.492  INFO 20840 --- [restartedMain] o.hibernate.jpa.internal.util.LogHelper  : HHH000204: Processing PersistenceUnitInfo [name: default]
2023-02-02 12:56:20.498  INFO 20840 --- [restartedMain] com.zaxxer.hikari.HikariDataSource       : HikariPool-2 - Starting...
2023-02-02 12:56:20.666  INFO 20840 --- [restartedMain] com.zaxxer.hikari.HikariDataSource       : HikariPool-2 - Start completed.
2023-02-02 12:56:20.666  INFO 20840 --- [restartedMain] org.hibernate.dialect.Dialect            : HHH000400: Using dialect: org.hibernate.dialect.PostgreSQLDialect
2023-02-02 12:56:20.769  INFO 20840 --- [restartedMain] o.h.e.t.j.p.i.JtaPlatformInitiator       : HHH000490: Using JtaPlatform implementation: [org.hibernate.engine.transaction.jta.platform.internal.NoJtaPlatform]
2023-02-02 12:56:20.866  WARN 20840 --- [restartedMain] JpaBaseConfiguration$JpaWebConfiguration : spring.jpa.open-in-view is enabled by default. Therefore, database queries may be performed during view rendering. Explicitly configure spring.jpa.open-in-view to disable this warning
2023-02-02 12:56:20.995  INFO 20840 --- [restartedMain] c.c.o.OnlinePlantApp1Application         : Started OnlinePlantApp1Application in 1.142 seconds (JVM running for 874.031)
2023-02-02 12:58:45.682  INFO 20840 --- [Thread-7] o.apache.catalina.core.StandardService   : Stopping service [Tomcat]
2023-02-02 12:58:45.687  INFO 20840 --- [Thread-7] com.zaxxer.hikari.HikariDataSource       : HikariPool-2 - Shutdown initiated...
2023-02-02 12:58:45.695  INFO 20840 --- [Thread-7] com.zaxxer.hikari.HikariDataSource       : HikariPool-2 - Shutdown completed.
2023-02-02 12:58:45.775  INFO 20840 --- [restartedMain] c.c.o.OnlinePlantApp1Application         : Starting OnlinePlantApp1Application using Java 17.0.5 on INLEN8520069525 with PID 20840 (C:\MySpringBootWork\OnlinePlantApp1\bin\main started by keejanga in C:\MySpringBootWork\OnlinePlantApp1)
2023-02-02 12:58:45.776  INFO 20840 --- [restartedMain] c.c.o.OnlinePlantApp1Application         : No active profile set, falling back to 1 default profile: "default"
2023-02-02 12:58:46.079  INFO 20840 --- [restartedMain] o.apache.catalina.core.StandardService   : Starting service [Tomcat]
2023-02-02 12:58:46.080  INFO 20840 --- [restartedMain] org.apache.catalina.core.StandardEngine  : Starting Servlet engine: [Apache Tomcat/9.0.71]
2023-02-02 12:58:46.099  INFO 20840 --- [restartedMain] o.a.c.c.C.[Tomcat].[localhost].[/]       : Initializing Spring embedded WebApplicationContext
2023-02-02 12:58:46.132  INFO 20840 --- [restartedMain] o.hibernate.jpa.internal.util.LogHelper  : HHH000204: Processing PersistenceUnitInfo [name: default]
2023-02-02 12:58:46.140  INFO 20840 --- [restartedMain] com.zaxxer.hikari.HikariDataSource       : HikariPool-3 - Starting...
2023-02-02 12:58:46.328  INFO 20840 --- [restartedMain] com.zaxxer.hikari.HikariDataSource       : HikariPool-3 - Start completed.
2023-02-02 12:58:46.329  INFO 20840 --- [restartedMain] org.hibernate.dialect.Dialect            : HHH000400: Using dialect: org.hibernate.dialect.PostgreSQLDialect
2023-02-02 12:58:46.419  INFO 20840 --- [restartedMain] o.h.e.t.j.p.i.JtaPlatformInitiator       : HHH000490: Using JtaPlatform implementation: [org.hibernate.engine.transaction.jta.platform.internal.NoJtaPlatform]
2023-02-02 12:58:46.494  WARN 20840 --- [restartedMain] JpaBaseConfiguration$JpaWebConfiguration : spring.jpa.open-in-view is enabled by default. Therefore, database queries may be performed during view rendering. Explicitly configure spring.jpa.open-in-view to disable this warning
2023-02-02 12:58:46.619  INFO 20840 --- [restartedMain] c.c.o.OnlinePlantApp1Application         : Started OnlinePlantApp1Application in 0.87 seconds (JVM running for 1019.654)
2023-02-02 13:08:02.536  INFO 20840 --- [Thread-11] o.apache.catalina.core.StandardService   : Stopping service [Tomcat]
2023-02-02 13:08:02.543  INFO 20840 --- [Thread-11] com.zaxxer.hikari.HikariDataSource       : HikariPool-3 - Shutdown initiated...
2023-02-02 13:08:02.550  INFO 20840 --- [Thread-11] com.zaxxer.hikari.HikariDataSource       : HikariPool-3 - Shutdown completed.
2023-02-02 13:08:02.644  INFO 20840 --- [restartedMain] c.c.o.OnlinePlantApp1Application         : Starting OnlinePlantApp1Application using Java 17.0.5 on INLEN8520069525 with PID 20840 (C:\MySpringBootWork\OnlinePlantApp1\bin\main started by keejanga in C:\MySpringBootWork\OnlinePlantApp1)
2023-02-02 13:08:02.645  INFO 20840 --- [restartedMain] c.c.o.OnlinePlantApp1Application         : No active profile set, falling back to 1 default profile: "default"
2023-02-02 13:08:02.956  INFO 20840 --- [restartedMain] o.apache.catalina.core.StandardService   : Starting service [Tomcat]
2023-02-02 13:08:02.956  INFO 20840 --- [restartedMain] org.apache.catalina.core.StandardEngine  : Starting Servlet engine: [Apache Tomcat/9.0.71]
2023-02-02 13:08:02.984  INFO 20840 --- [restartedMain] o.a.c.c.C.[Tomcat].[localhost].[/]       : Initializing Spring embedded WebApplicationContext
2023-02-02 13:08:03.027  INFO 20840 --- [restartedMain] o.hibernate.jpa.internal.util.LogHelper  : HHH000204: Processing PersistenceUnitInfo [name: default]
2023-02-02 13:08:03.033  INFO 20840 --- [restartedMain] com.zaxxer.hikari.HikariDataSource       : HikariPool-4 - Starting...
2023-02-02 13:08:03.225  INFO 20840 --- [restartedMain] com.zaxxer.hikari.HikariDataSource       : HikariPool-4 - Start completed.
2023-02-02 13:08:03.226  INFO 20840 --- [restartedMain] org.hibernate.dialect.Dialect            : HHH000400: Using dialect: org.hibernate.dialect.PostgreSQLDialect
2023-02-02 13:08:03.326  INFO 20840 --- [restartedMain] o.h.e.t.j.p.i.JtaPlatformInitiator       : HHH000490: Using JtaPlatform implementation: [org.hibernate.engine.transaction.jta.platform.internal.NoJtaPlatform]
2023-02-02 13:08:03.413  WARN 20840 --- [restartedMain] JpaBaseConfiguration$JpaWebConfiguration : spring.jpa.open-in-view is enabled by default. Therefore, database queries may be performed during view rendering. Explicitly configure spring.jpa.open-in-view to disable this warning
2023-02-02 13:08:03.527  INFO 20840 --- [restartedMain] c.c.o.OnlinePlantApp1Application         : Started OnlinePlantApp1Application in 0.912 seconds (JVM running for 1576.562)
2023-02-02 13:41:36.119  INFO 20840 --- [http-nio-2002-exec-3] o.a.c.c.C.[Tomcat].[localhost].[/]       : Initializing Spring DispatcherServlet 'dispatcherServlet'
2023-02-02 13:46:43.344  INFO 24732 --- [restartedMain] c.c.o.OnlinePlantApp1Application         : Starting OnlinePlantApp1Application using Java 17.0.5 on INLEN8520069525 with PID 24732 (C:\MySpringBootWork\OnlinePlantApp1\bin\main started by keejanga in C:\MySpringBootWork\OnlinePlantApp1)
2023-02-02 13:46:43.347  INFO 24732 --- [restartedMain] c.c.o.OnlinePlantApp1Application         : No active profile set, falling back to 1 default profile: "default"
2023-02-02 13:46:45.326  INFO 24732 --- [restartedMain] o.apache.catalina.core.StandardService   : Starting service [Tomcat]
2023-02-02 13:46:45.327  INFO 24732 --- [restartedMain] org.apache.catalina.core.StandardEngine  : Starting Servlet engine: [Apache Tomcat/9.0.71]
2023-02-02 13:46:45.430  INFO 24732 --- [restartedMain] o.a.c.c.C.[Tomcat].[localhost].[/]       : Initializing Spring embedded WebApplicationContext
2023-02-02 13:46:45.680  INFO 24732 --- [restartedMain] o.hibernate.jpa.internal.util.LogHelper  : HHH000204: Processing PersistenceUnitInfo [name: default]
2023-02-02 13:46:45.748  INFO 24732 --- [restartedMain] org.hibernate.Version                    : HHH000412: Hibernate ORM core version 5.6.14.Final
2023-02-02 13:46:45.920  INFO 24732 --- [restartedMain] o.hibernate.annotations.common.Version   : HCANN000001: Hibernate Commons Annotations {5.1.2.Final}
2023-02-02 13:46:46.026  INFO 24732 --- [restartedMain] com.zaxxer.hikari.HikariDataSource       : HikariPool-1 - Starting...
2023-02-02 13:46:46.396  INFO 24732 --- [restartedMain] com.zaxxer.hikari.HikariDataSource       : HikariPool-1 - Start completed.
2023-02-02 13:46:46.412  INFO 24732 --- [restartedMain] org.hibernate.dialect.Dialect            : HHH000400: Using dialect: org.hibernate.dialect.PostgreSQLDialect
2023-02-02 13:46:47.079  INFO 24732 --- [restartedMain] o.h.e.t.j.p.i.JtaPlatformInitiator       : HHH000490: Using JtaPlatform implementation: [org.hibernate.engine.transaction.jta.platform.internal.NoJtaPlatform]
2023-02-02 13:46:47.547  WARN 24732 --- [restartedMain] JpaBaseConfiguration$JpaWebConfiguration : spring.jpa.open-in-view is enabled by default. Therefore, database queries may be performed during view rendering. Explicitly configure spring.jpa.open-in-view to disable this warning
2023-02-02 13:46:48.042  INFO 24732 --- [restartedMain] c.c.o.OnlinePlantApp1Application         : Started OnlinePlantApp1Application in 5.238 seconds (JVM running for 5.878)
2023-02-02 15:52:34.667  INFO 19348 --- [restartedMain] c.c.o.OnlinePlantApp1Application         : Starting OnlinePlantApp1Application using Java 17.0.5 on INLEN8520069525 with PID 19348 (C:\MySpringBootWork\OnlinePlantApp1\bin\main started by keejanga in C:\MySpringBootWork\OnlinePlantApp1)
2023-02-02 15:52:34.668  INFO 19348 --- [restartedMain] c.c.o.OnlinePlantApp1Application         : No active profile set, falling back to 1 default profile: "default"
2023-02-02 15:52:36.085  INFO 19348 --- [restartedMain] o.apache.catalina.core.StandardService   : Starting service [Tomcat]
2023-02-02 15:52:36.086  INFO 19348 --- [restartedMain] org.apache.catalina.core.StandardEngine  : Starting Servlet engine: [Apache Tomcat/9.0.71]
2023-02-02 15:52:36.153  INFO 19348 --- [restartedMain] o.a.c.c.C.[Tomcat].[localhost].[/]       : Initializing Spring embedded WebApplicationContext
2023-02-02 15:52:36.339  INFO 19348 --- [restartedMain] o.hibernate.jpa.internal.util.LogHelper  : HHH000204: Processing PersistenceUnitInfo [name: default]
2023-02-02 15:52:36.395  INFO 19348 --- [restartedMain] org.hibernate.Version                    : HHH000412: Hibernate ORM core version 5.6.14.Final
2023-02-02 15:52:36.540  INFO 19348 --- [restartedMain] o.hibernate.annotations.common.Version   : HCANN000001: Hibernate Commons Annotations {5.1.2.Final}
2023-02-02 15:52:36.621  INFO 19348 --- [restartedMain] com.zaxxer.hikari.HikariDataSource       : HikariPool-1 - Starting...
2023-02-02 15:52:36.872  INFO 19348 --- [restartedMain] com.zaxxer.hikari.HikariDataSource       : HikariPool-1 - Start completed.
2023-02-02 15:52:36.887  INFO 19348 --- [restartedMain] org.hibernate.dialect.Dialect            : HHH000400: Using dialect: org.hibernate.dialect.PostgreSQLDialect
2023-02-02 15:52:37.410  INFO 19348 --- [restartedMain] o.h.e.t.j.p.i.JtaPlatformInitiator       : HHH000490: Using JtaPlatform implementation: [org.hibernate.engine.transaction.jta.platform.internal.NoJtaPlatform]
2023-02-02 15:52:37.775  WARN 19348 --- [restartedMain] JpaBaseConfiguration$JpaWebConfiguration : spring.jpa.open-in-view is enabled by default. Therefore, database queries may be performed during view rendering. Explicitly configure spring.jpa.open-in-view to disable this warning
2023-02-02 15:52:38.232  INFO 19348 --- [restartedMain] c.c.o.OnlinePlantApp1Application         : Started OnlinePlantApp1Application in 3.945 seconds (JVM running for 4.426)
2023-02-02 15:52:43.052  INFO 19348 --- [http-nio-2002-exec-1] o.a.c.c.C.[Tomcat].[localhost].[/]       : Initializing Spring DispatcherServlet 'dispatcherServlet'
2023-02-02 16:03:23.508  INFO 19348 --- [Thread-5] o.apache.catalina.core.StandardService   : Stopping service [Tomcat]
2023-02-02 16:03:23.511  INFO 19348 --- [Thread-5] o.a.c.c.C.[Tomcat].[localhost].[/]       : Destroying Spring FrameworkServlet 'dispatcherServlet'
2023-02-02 16:03:23.531  INFO 19348 --- [Thread-5] com.zaxxer.hikari.HikariDataSource       : HikariPool-1 - Shutdown initiated...
2023-02-02 16:03:23.547  INFO 19348 --- [Thread-5] com.zaxxer.hikari.HikariDataSource       : HikariPool-1 - Shutdown completed.
2023-02-02 16:03:23.642  INFO 19348 --- [restartedMain] c.c.o.OnlinePlantApp1Application         : Starting OnlinePlantApp1Application using Java 17.0.5 on INLEN8520069525 with PID 19348 (C:\MySpringBootWork\OnlinePlantApp1\bin\main started by keejanga in C:\MySpringBootWork\OnlinePlantApp1)
2023-02-02 16:03:23.643  INFO 19348 --- [restartedMain] c.c.o.OnlinePlantApp1Application         : No active profile set, falling back to 1 default profile: "default"
2023-02-02 16:03:24.142  INFO 19348 --- [restartedMain] o.apache.catalina.core.StandardService   : Starting service [Tomcat]
2023-02-02 16:03:24.142  INFO 19348 --- [restartedMain] org.apache.catalina.core.StandardEngine  : Starting Servlet engine: [Apache Tomcat/9.0.71]
2023-02-02 16:03:24.174  INFO 19348 --- [restartedMain] o.a.c.c.C.[Tomcat].[localhost].[/]       : Initializing Spring embedded WebApplicationContext
2023-02-02 16:03:24.234  INFO 19348 --- [restartedMain] o.hibernate.jpa.internal.util.LogHelper  : HHH000204: Processing PersistenceUnitInfo [name: default]
2023-02-02 16:03:24.246  INFO 19348 --- [restartedMain] com.zaxxer.hikari.HikariDataSource       : HikariPool-2 - Starting...
2023-02-02 16:03:24.430  INFO 19348 --- [restartedMain] com.zaxxer.hikari.HikariDataSource       : HikariPool-2 - Start completed.
2023-02-02 16:03:24.432  INFO 19348 --- [restartedMain] org.hibernate.dialect.Dialect            : HHH000400: Using dialect: org.hibernate.dialect.PostgreSQLDialect
2023-02-02 16:03:24.547  INFO 19348 --- [restartedMain] o.h.e.t.j.p.i.JtaPlatformInitiator       : HHH000490: Using JtaPlatform implementation: [org.hibernate.engine.transaction.jta.platform.internal.NoJtaPlatform]
2023-02-02 16:03:24.557  WARN 19348 --- [restartedMain] ConfigServletWebServerApplicationContext : Exception encountered during context initialization - cancelling refresh attempt: org.springframework.beans.factory.BeanCreationException: Error creating bean with name 'planterController' defined in file [C:\MySpringBootWork\OnlinePlantApp1\bin\main\com\cg\onlineplantnursery\controller\PlanterController.class]: Instantiation of bean failed; nested exception is org.springframework.beans.BeanInstantiationException: Failed to instantiate [com.cg.onlineplantnursery.controller.PlanterController]: Constructor threw exception; nested exception is java.lang.Error: Unresolved compilation problem: 
	Syntax error on token "}", delete this token

2023-02-02 16:03:24.558  INFO 19348 --- [restartedMain] com.zaxxer.hikari.HikariDataSource       : HikariPool-2 - Shutdown initiated...
2023-02-02 16:03:24.737  INFO 19348 --- [restartedMain] com.zaxxer.hikari.HikariDataSource       : HikariPool-2 - Shutdown completed.
2023-02-02 16:03:24.737  INFO 19348 --- [restartedMain] o.apache.catalina.core.StandardService   : Stopping service [Tomcat]
2023-02-02 16:03:24.768 ERROR 19348 --- [restartedMain] o.s.boot.SpringApplication               : Application run failed

org.springframework.beans.factory.BeanCreationException: Error creating bean with name 'planterController' defined in file [C:\MySpringBootWork\OnlinePlantApp1\bin\main\com\cg\onlineplantnursery\controller\PlanterController.class]: Instantiation of bean failed; nested exception is org.springframework.beans.BeanInstantiationException: Failed to instantiate [com.cg.onlineplantnursery.controller.PlanterController]: Constructor threw exception; nested exception is java.lang.Error: Unresolved compilation problem: 
	Syntax error on token "}", delete this token

	at org.springframework.beans.factory.support.AbstractAutowireCapableBeanFactory.instantiateBean(AbstractAutowireCapableBeanFactory.java:1334) ~[spring-beans-5.3.25.jar:5.3.25]
	at org.springframework.beans.factory.support.AbstractAutowireCapableBeanFactory.createBeanInstance(AbstractAutowireCapableBeanFactory.java:1232) ~[spring-beans-5.3.25.jar:5.3.25]
	at org.springframework.beans.factory.support.AbstractAutowireCapableBeanFactory.doCreateBean(AbstractAutowireCapableBeanFactory.java:582) ~[spring-beans-5.3.25.jar:5.3.25]
	at org.springframework.beans.factory.support.AbstractAutowireCapableBeanFactory.createBean(AbstractAutowireCapableBeanFactory.java:542) ~[spring-beans-5.3.25.jar:5.3.25]
	at org.springframework.beans.factory.support.AbstractBeanFactory.lambda$doGetBean$0(AbstractBeanFactory.java:335) ~[spring-beans-5.3.25.jar:5.3.25]
	at org.springframework.beans.factory.support.DefaultSingletonBeanRegistry.getSingleton(DefaultSingletonBeanRegistry.java:234) ~[spring-beans-5.3.25.jar:5.3.25]
	at org.springframework.beans.factory.support.AbstractBeanFactory.doGetBean(AbstractBeanFactory.java:333) ~[spring-beans-5.3.25.jar:5.3.25]
	at org.springframework.beans.factory.support.AbstractBeanFactory.getBean(AbstractBeanFactory.java:208) ~[spring-beans-5.3.25.jar:5.3.25]
	at org.springframework.beans.factory.support.DefaultListableBeanFactory.preInstantiateSingletons(DefaultListableBeanFactory.java:955) ~[spring-beans-5.3.25.jar:5.3.25]
	at org.springframework.context.support.AbstractApplicationContext.finishBeanFactoryInitialization(AbstractApplicationContext.java:918) ~[spring-context-5.3.25.jar:5.3.25]
	at org.springframework.context.support.AbstractApplicationContext.refresh(AbstractApplicationContext.java:583) ~[spring-context-5.3.25.jar:5.3.25]
	at org.springframework.boot.web.servlet.context.ServletWebServerApplicationContext.refresh(ServletWebServerApplicationContext.java:147) ~[spring-boot-2.7.8.jar:2.7.8]
	at org.springframework.boot.SpringApplication.refresh(SpringApplication.java:731) ~[spring-boot-2.7.8.jar:2.7.8]
	at org.springframework.boot.SpringApplication.refreshContext(SpringApplication.java:408) ~[spring-boot-2.7.8.jar:2.7.8]
	at org.springframework.boot.SpringApplication.run(SpringApplication.java:307) ~[spring-boot-2.7.8.jar:2.7.8]
	at org.springframework.boot.SpringApplication.run(SpringApplication.java:1303) ~[spring-boot-2.7.8.jar:2.7.8]
	at org.springframework.boot.SpringApplication.run(SpringApplication.java:1292) ~[spring-boot-2.7.8.jar:2.7.8]
	at com.cg.onlineplantnursery.OnlinePlantApp1Application.main(OnlinePlantApp1Application.java:10) ~[main/:na]
	at java.base/jdk.internal.reflect.NativeMethodAccessorImpl.invoke0(Native Method) ~[na:na]
	at java.base/jdk.internal.reflect.NativeMethodAccessorImpl.invoke(NativeMethodAccessorImpl.java:77) ~[na:na]
	at java.base/jdk.internal.reflect.DelegatingMethodAccessorImpl.invoke(DelegatingMethodAccessorImpl.java:43) ~[na:na]
	at java.base/java.lang.reflect.Method.invoke(Method.java:568) ~[na:na]
	at org.springframework.boot.devtools.restart.RestartLauncher.run(RestartLauncher.java:49) ~[spring-boot-devtools-2.7.8.jar:2.7.8]
Caused by: org.springframework.beans.BeanInstantiationException: Failed to instantiate [com.cg.onlineplantnursery.controller.PlanterController]: Constructor threw exception; nested exception is java.lang.Error: Unresolved compilation problem: 
	Syntax error on token "}", delete this token

	at org.springframework.beans.BeanUtils.instantiateClass(BeanUtils.java:224) ~[spring-beans-5.3.25.jar:5.3.25]
	at org.springframework.beans.factory.support.SimpleInstantiationStrategy.instantiate(SimpleInstantiationStrategy.java:87) ~[spring-beans-5.3.25.jar:5.3.25]
	at org.springframework.beans.factory.support.AbstractAutowireCapableBeanFactory.instantiateBean(AbstractAutowireCapableBeanFactory.java:1326) ~[spring-beans-5.3.25.jar:5.3.25]
	... 22 common frames omitted
Caused by: java.lang.Error: Unresolved compilation problem: 
	Syntax error on token "}", delete this token

	at com.cg.onlineplantnursery.controller.PlanterController.<init>(PlanterController.java:52) ~[main/:na]
	at java.base/jdk.internal.reflect.NativeConstructorAccessorImpl.newInstance0(Native Method) ~[na:na]
	at java.base/jdk.internal.reflect.NativeConstructorAccessorImpl.newInstance(NativeConstructorAccessorImpl.java:77) ~[na:na]
	at java.base/jdk.internal.reflect.DelegatingConstructorAccessorImpl.newInstance(DelegatingConstructorAccessorImpl.java:45) ~[na:na]
	at java.base/java.lang.reflect.Constructor.newInstanceWithCaller(Constructor.java:499) ~[na:na]
	at java.base/java.lang.reflect.Constructor.newInstance(Constructor.java:480) ~[na:na]
	at org.springframework.beans.BeanUtils.instantiateClass(BeanUtils.java:211) ~[spring-beans-5.3.25.jar:5.3.25]
	... 24 common frames omitted

2023-02-02 16:06:53.522  INFO 19348 --- [restartedMain] c.c.o.OnlinePlantApp1Application         : Starting OnlinePlantApp1Application using Java 17.0.5 on INLEN8520069525 with PID 19348 (C:\MySpringBootWork\OnlinePlantApp1\bin\main started by keejanga in C:\MySpringBootWork\OnlinePlantApp1)
2023-02-02 16:06:53.522  INFO 19348 --- [restartedMain] c.c.o.OnlinePlantApp1Application         : No active profile set, falling back to 1 default profile: "default"
2023-02-02 16:06:53.805  INFO 19348 --- [restartedMain] o.apache.catalina.core.StandardService   : Starting service [Tomcat]
2023-02-02 16:06:53.806  INFO 19348 --- [restartedMain] org.apache.catalina.core.StandardEngine  : Starting Servlet engine: [Apache Tomcat/9.0.71]
2023-02-02 16:06:53.838  INFO 19348 --- [restartedMain] o.a.c.c.C.[Tomcat-1].[localhost].[/]     : Initializing Spring embedded WebApplicationContext
2023-02-02 16:06:53.886  INFO 19348 --- [restartedMain] o.hibernate.jpa.internal.util.LogHelper  : HHH000204: Processing PersistenceUnitInfo [name: default]
2023-02-02 16:06:53.891  INFO 19348 --- [restartedMain] com.zaxxer.hikari.HikariDataSource       : HikariPool-3 - Starting...
2023-02-02 16:06:54.101  INFO 19348 --- [restartedMain] com.zaxxer.hikari.HikariDataSource       : HikariPool-3 - Start completed.
2023-02-02 16:06:54.102  INFO 19348 --- [restartedMain] org.hibernate.dialect.Dialect            : HHH000400: Using dialect: org.hibernate.dialect.PostgreSQLDialect
2023-02-02 16:06:54.203  INFO 19348 --- [restartedMain] o.h.e.t.j.p.i.JtaPlatformInitiator       : HHH000490: Using JtaPlatform implementation: [org.hibernate.engine.transaction.jta.platform.internal.NoJtaPlatform]
2023-02-02 16:06:54.306  WARN 19348 --- [restartedMain] JpaBaseConfiguration$JpaWebConfiguration : spring.jpa.open-in-view is enabled by default. Therefore, database queries may be performed during view rendering. Explicitly configure spring.jpa.open-in-view to disable this warning
2023-02-02 16:06:54.443  INFO 19348 --- [restartedMain] c.c.o.OnlinePlantApp1Application         : Started OnlinePlantApp1Application in 0.968 seconds (JVM running for 860.637)
2023-02-02 16:07:51.989  INFO 19348 --- [Thread-7] o.apache.catalina.core.StandardService   : Stopping service [Tomcat]
2023-02-02 16:07:51.994  INFO 19348 --- [Thread-7] com.zaxxer.hikari.HikariDataSource       : HikariPool-3 - Shutdown initiated...
2023-02-02 16:07:51.999  INFO 19348 --- [Thread-7] com.zaxxer.hikari.HikariDataSource       : HikariPool-3 - Shutdown completed.
2023-02-02 16:07:52.099  INFO 19348 --- [restartedMain] c.c.o.OnlinePlantApp1Application         : Starting OnlinePlantApp1Application using Java 17.0.5 on INLEN8520069525 with PID 19348 (C:\MySpringBootWork\OnlinePlantApp1\bin\main started by keejanga in C:\MySpringBootWork\OnlinePlantApp1)
2023-02-02 16:07:52.100  INFO 19348 --- [restartedMain] c.c.o.OnlinePlantApp1Application         : No active profile set, falling back to 1 default profile: "default"
2023-02-02 16:07:52.335  INFO 19348 --- [restartedMain] o.apache.catalina.core.StandardService   : Starting service [Tomcat]
2023-02-02 16:07:52.335  INFO 19348 --- [restartedMain] org.apache.catalina.core.StandardEngine  : Starting Servlet engine: [Apache Tomcat/9.0.71]
2023-02-02 16:07:52.353  INFO 19348 --- [restartedMain] o.a.c.c.C.[Tomcat-1].[localhost].[/]     : Initializing Spring embedded WebApplicationContext
2023-02-02 16:07:52.382  INFO 19348 --- [restartedMain] o.hibernate.jpa.internal.util.LogHelper  : HHH000204: Processing PersistenceUnitInfo [name: default]
2023-02-02 16:07:52.388  INFO 19348 --- [restartedMain] com.zaxxer.hikari.HikariDataSource       : HikariPool-4 - Starting...
2023-02-02 16:07:52.572  INFO 19348 --- [restartedMain] com.zaxxer.hikari.HikariDataSource       : HikariPool-4 - Start completed.
2023-02-02 16:07:52.573  INFO 19348 --- [restartedMain] org.hibernate.dialect.Dialect            : HHH000400: Using dialect: org.hibernate.dialect.PostgreSQLDialect
2023-02-02 16:07:52.619  INFO 19348 --- [restartedMain] o.h.e.t.j.p.i.JtaPlatformInitiator       : HHH000490: Using JtaPlatform implementation: [org.hibernate.engine.transaction.jta.platform.internal.NoJtaPlatform]
2023-02-02 16:07:52.691  WARN 19348 --- [restartedMain] JpaBaseConfiguration$JpaWebConfiguration : spring.jpa.open-in-view is enabled by default. Therefore, database queries may be performed during view rendering. Explicitly configure spring.jpa.open-in-view to disable this warning
2023-02-02 16:07:52.795  INFO 19348 --- [restartedMain] c.c.o.OnlinePlantApp1Application         : Started OnlinePlantApp1Application in 0.727 seconds (JVM running for 918.988)
2023-02-02 16:07:54.428  INFO 35516 --- [restartedMain] c.c.o.OnlinePlantApp1Application         : Starting OnlinePlantApp1Application using Java 17.0.5 on INLEN8520069525 with PID 35516 (C:\MySpringBootWork\OnlinePlantApp1\bin\main started by keejanga in C:\MySpringBootWork\OnlinePlantApp1)
2023-02-02 16:07:54.430  INFO 35516 --- [restartedMain] c.c.o.OnlinePlantApp1Application         : No active profile set, falling back to 1 default profile: "default"
2023-02-02 16:07:56.002  INFO 35516 --- [restartedMain] o.apache.catalina.core.StandardService   : Starting service [Tomcat]
2023-02-02 16:07:56.003  INFO 35516 --- [restartedMain] org.apache.catalina.core.StandardEngine  : Starting Servlet engine: [Apache Tomcat/9.0.71]
2023-02-02 16:07:56.115  INFO 35516 --- [restartedMain] o.a.c.c.C.[Tomcat].[localhost].[/]       : Initializing Spring embedded WebApplicationContext
2023-02-02 16:07:56.423  INFO 35516 --- [restartedMain] o.hibernate.jpa.internal.util.LogHelper  : HHH000204: Processing PersistenceUnitInfo [name: default]
2023-02-02 16:07:56.458  INFO 35516 --- [restartedMain] org.hibernate.Version                    : HHH000412: Hibernate ORM core version 5.6.14.Final
2023-02-02 16:07:56.618  INFO 35516 --- [restartedMain] o.hibernate.annotations.common.Version   : HCANN000001: Hibernate Commons Annotations {5.1.2.Final}
2023-02-02 16:07:56.705  INFO 35516 --- [restartedMain] com.zaxxer.hikari.HikariDataSource       : HikariPool-1 - Starting...
2023-02-02 16:07:57.065  INFO 35516 --- [restartedMain] com.zaxxer.hikari.HikariDataSource       : HikariPool-1 - Start completed.
2023-02-02 16:07:57.081  INFO 35516 --- [restartedMain] org.hibernate.dialect.Dialect            : HHH000400: Using dialect: org.hibernate.dialect.PostgreSQLDialect
2023-02-02 16:07:57.732  INFO 35516 --- [restartedMain] o.h.e.t.j.p.i.JtaPlatformInitiator       : HHH000490: Using JtaPlatform implementation: [org.hibernate.engine.transaction.jta.platform.internal.NoJtaPlatform]
2023-02-02 16:07:58.136  WARN 35516 --- [restartedMain] JpaBaseConfiguration$JpaWebConfiguration : spring.jpa.open-in-view is enabled by default. Therefore, database queries may be performed during view rendering. Explicitly configure spring.jpa.open-in-view to disable this warning
2023-02-02 16:07:58.554  WARN 35516 --- [restartedMain] o.s.b.d.a.OptionalLiveReloadServer       : Unable to start LiveReload server
2023-02-02 16:07:58.590  WARN 35516 --- [restartedMain] ConfigServletWebServerApplicationContext : Exception encountered during context initialization - cancelling refresh attempt: org.springframework.context.ApplicationContextException: Failed to start bean 'webServerStartStop'; nested exception is org.springframework.boot.web.server.PortInUseException: Port 2002 is already in use
2023-02-02 16:07:58.597  INFO 35516 --- [restartedMain] com.zaxxer.hikari.HikariDataSource       : HikariPool-1 - Shutdown initiated...
2023-02-02 16:07:58.685  INFO 35516 --- [restartedMain] com.zaxxer.hikari.HikariDataSource       : HikariPool-1 - Shutdown completed.
2023-02-02 16:07:58.690  INFO 35516 --- [restartedMain] o.apache.catalina.core.StandardService   : Stopping service [Tomcat]
2023-02-02 16:07:58.732 ERROR 35516 --- [restartedMain] o.s.b.d.LoggingFailureAnalysisReporter   : 

***************************
APPLICATION FAILED TO START
***************************

Description:

Web server failed to start. Port 2002 was already in use.

Action:

Identify and stop the process that's listening on port 2002 or configure this application to listen on another port.

2023-02-02 16:08:04.477  INFO 15156 --- [restartedMain] c.c.o.OnlinePlantApp1Application         : Starting OnlinePlantApp1Application using Java 17.0.5 on INLEN8520069525 with PID 15156 (C:\MySpringBootWork\OnlinePlantApp1\bin\main started by keejanga in C:\MySpringBootWork\OnlinePlantApp1)
2023-02-02 16:08:04.478  INFO 15156 --- [restartedMain] c.c.o.OnlinePlantApp1Application         : No active profile set, falling back to 1 default profile: "default"
2023-02-02 16:08:05.981  INFO 15156 --- [restartedMain] o.apache.catalina.core.StandardService   : Starting service [Tomcat]
2023-02-02 16:08:05.982  INFO 15156 --- [restartedMain] org.apache.catalina.core.StandardEngine  : Starting Servlet engine: [Apache Tomcat/9.0.71]
2023-02-02 16:08:06.055  INFO 15156 --- [restartedMain] o.a.c.c.C.[Tomcat].[localhost].[/]       : Initializing Spring embedded WebApplicationContext
2023-02-02 16:08:06.279  INFO 15156 --- [restartedMain] o.hibernate.jpa.internal.util.LogHelper  : HHH000204: Processing PersistenceUnitInfo [name: default]
2023-02-02 16:08:06.316  INFO 15156 --- [restartedMain] org.hibernate.Version                    : HHH000412: Hibernate ORM core version 5.6.14.Final
2023-02-02 16:08:06.494  INFO 15156 --- [restartedMain] o.hibernate.annotations.common.Version   : HCANN000001: Hibernate Commons Annotations {5.1.2.Final}
2023-02-02 16:08:06.585  INFO 15156 --- [restartedMain] com.zaxxer.hikari.HikariDataSource       : HikariPool-1 - Starting...
2023-02-02 16:08:06.956  INFO 15156 --- [restartedMain] com.zaxxer.hikari.HikariDataSource       : HikariPool-1 - Start completed.
2023-02-02 16:08:06.972  INFO 15156 --- [restartedMain] org.hibernate.dialect.Dialect            : HHH000400: Using dialect: org.hibernate.dialect.PostgreSQLDialect
2023-02-02 16:08:07.552  INFO 15156 --- [restartedMain] o.h.e.t.j.p.i.JtaPlatformInitiator       : HHH000490: Using JtaPlatform implementation: [org.hibernate.engine.transaction.jta.platform.internal.NoJtaPlatform]
2023-02-02 16:08:08.010  WARN 15156 --- [restartedMain] JpaBaseConfiguration$JpaWebConfiguration : spring.jpa.open-in-view is enabled by default. Therefore, database queries may be performed during view rendering. Explicitly configure spring.jpa.open-in-view to disable this warning
2023-02-02 16:08:08.480  INFO 15156 --- [restartedMain] c.c.o.OnlinePlantApp1Application         : Started OnlinePlantApp1Application in 4.385 seconds (JVM running for 4.917)
2023-02-02 16:10:07.328  INFO 15156 --- [Thread-5] o.apache.catalina.core.StandardService   : Stopping service [Tomcat]
2023-02-02 16:10:07.341  INFO 15156 --- [Thread-5] com.zaxxer.hikari.HikariDataSource       : HikariPool-1 - Shutdown initiated...
2023-02-02 16:10:07.345  INFO 15156 --- [Thread-5] com.zaxxer.hikari.HikariDataSource       : HikariPool-1 - Shutdown completed.
2023-02-02 16:10:07.423  INFO 15156 --- [restartedMain] c.c.o.OnlinePlantApp1Application         : Starting OnlinePlantApp1Application using Java 17.0.5 on INLEN8520069525 with PID 15156 (C:\MySpringBootWork\OnlinePlantApp1\bin\main started by keejanga in C:\MySpringBootWork\OnlinePlantApp1)
2023-02-02 16:10:07.424  INFO 15156 --- [restartedMain] c.c.o.OnlinePlantApp1Application         : No active profile set, falling back to 1 default profile: "default"
2023-02-02 16:10:07.698  INFO 15156 --- [restartedMain] o.apache.catalina.core.StandardService   : Starting service [Tomcat]
2023-02-02 16:10:07.699  INFO 15156 --- [restartedMain] org.apache.catalina.core.StandardEngine  : Starting Servlet engine: [Apache Tomcat/9.0.71]
2023-02-02 16:10:07.722  INFO 15156 --- [restartedMain] o.a.c.c.C.[Tomcat].[localhost].[/]       : Initializing Spring embedded WebApplicationContext
2023-02-02 16:10:07.757  INFO 15156 --- [restartedMain] o.hibernate.jpa.internal.util.LogHelper  : HHH000204: Processing PersistenceUnitInfo [name: default]
2023-02-02 16:10:07.762  INFO 15156 --- [restartedMain] com.zaxxer.hikari.HikariDataSource       : HikariPool-2 - Starting...
2023-02-02 16:10:07.950  INFO 15156 --- [restartedMain] com.zaxxer.hikari.HikariDataSource       : HikariPool-2 - Start completed.
2023-02-02 16:10:07.951  INFO 15156 --- [restartedMain] org.hibernate.dialect.Dialect            : HHH000400: Using dialect: org.hibernate.dialect.PostgreSQLDialect
2023-02-02 16:10:08.027  INFO 15156 --- [restartedMain] o.h.e.t.j.p.i.JtaPlatformInitiator       : HHH000490: Using JtaPlatform implementation: [org.hibernate.engine.transaction.jta.platform.internal.NoJtaPlatform]
2023-02-02 16:10:08.145  WARN 15156 --- [restartedMain] JpaBaseConfiguration$JpaWebConfiguration : spring.jpa.open-in-view is enabled by default. Therefore, database queries may be performed during view rendering. Explicitly configure spring.jpa.open-in-view to disable this warning
2023-02-02 16:10:08.270  INFO 15156 --- [restartedMain] c.c.o.OnlinePlantApp1Application         : Started OnlinePlantApp1Application in 0.884 seconds (JVM running for 124.707)
2023-02-02 16:10:09.316  INFO 28096 --- [restartedMain] c.c.o.OnlinePlantApp1Application         : Starting OnlinePlantApp1Application using Java 17.0.5 on INLEN8520069525 with PID 28096 (C:\MySpringBootWork\OnlinePlantApp1\bin\main started by keejanga in C:\MySpringBootWork\OnlinePlantApp1)
2023-02-02 16:10:09.317  INFO 28096 --- [restartedMain] c.c.o.OnlinePlantApp1Application         : No active profile set, falling back to 1 default profile: "default"
2023-02-02 16:10:11.071  INFO 28096 --- [restartedMain] o.apache.catalina.core.StandardService   : Starting service [Tomcat]
2023-02-02 16:10:11.072  INFO 28096 --- [restartedMain] org.apache.catalina.core.StandardEngine  : Starting Servlet engine: [Apache Tomcat/9.0.71]
2023-02-02 16:10:11.150  INFO 28096 --- [restartedMain] o.a.c.c.C.[Tomcat].[localhost].[/]       : Initializing Spring embedded WebApplicationContext
2023-02-02 16:10:11.405  INFO 28096 --- [restartedMain] o.hibernate.jpa.internal.util.LogHelper  : HHH000204: Processing PersistenceUnitInfo [name: default]
2023-02-02 16:10:11.447  INFO 28096 --- [restartedMain] org.hibernate.Version                    : HHH000412: Hibernate ORM core version 5.6.14.Final
2023-02-02 16:10:11.615  INFO 28096 --- [restartedMain] o.hibernate.annotations.common.Version   : HCANN000001: Hibernate Commons Annotations {5.1.2.Final}
2023-02-02 16:10:11.715  INFO 28096 --- [restartedMain] com.zaxxer.hikari.HikariDataSource       : HikariPool-1 - Starting...
2023-02-02 16:10:12.092  INFO 28096 --- [restartedMain] com.zaxxer.hikari.HikariDataSource       : HikariPool-1 - Start completed.
2023-02-02 16:10:12.111  INFO 28096 --- [restartedMain] org.hibernate.dialect.Dialect            : HHH000400: Using dialect: org.hibernate.dialect.PostgreSQLDialect
2023-02-02 16:10:12.698  INFO 28096 --- [restartedMain] o.h.e.t.j.p.i.JtaPlatformInitiator       : HHH000490: Using JtaPlatform implementation: [org.hibernate.engine.transaction.jta.platform.internal.NoJtaPlatform]
2023-02-02 16:10:13.153  WARN 28096 --- [restartedMain] JpaBaseConfiguration$JpaWebConfiguration : spring.jpa.open-in-view is enabled by default. Therefore, database queries may be performed during view rendering. Explicitly configure spring.jpa.open-in-view to disable this warning
2023-02-02 16:10:13.616  WARN 28096 --- [restartedMain] o.s.b.d.a.OptionalLiveReloadServer       : Unable to start LiveReload server
2023-02-02 16:10:13.636  WARN 28096 --- [restartedMain] ConfigServletWebServerApplicationContext : Exception encountered during context initialization - cancelling refresh attempt: org.springframework.context.ApplicationContextException: Failed to start bean 'webServerStartStop'; nested exception is org.springframework.boot.web.server.PortInUseException: Port 2002 is already in use
2023-02-02 16:10:13.650  INFO 28096 --- [restartedMain] com.zaxxer.hikari.HikariDataSource       : HikariPool-1 - Shutdown initiated...
2023-02-02 16:10:13.790  INFO 28096 --- [restartedMain] com.zaxxer.hikari.HikariDataSource       : HikariPool-1 - Shutdown completed.
2023-02-02 16:10:13.796  INFO 28096 --- [restartedMain] o.apache.catalina.core.StandardService   : Stopping service [Tomcat]
2023-02-02 16:10:13.833 ERROR 28096 --- [restartedMain] o.s.b.d.LoggingFailureAnalysisReporter   : 

***************************
APPLICATION FAILED TO START
***************************

Description:

Web server failed to start. Port 2002 was already in use.

Action:

Identify and stop the process that's listening on port 2002 or configure this application to listen on another port.

2023-02-02 16:10:35.401  INFO 31952 --- [restartedMain] c.c.o.OnlinePlantApp1Application         : Starting OnlinePlantApp1Application using Java 17.0.5 on INLEN8520069525 with PID 31952 (C:\MySpringBootWork\OnlinePlantApp1\bin\main started by keejanga in C:\MySpringBootWork\OnlinePlantApp1)
2023-02-02 16:10:35.402  INFO 31952 --- [restartedMain] c.c.o.OnlinePlantApp1Application         : No active profile set, falling back to 1 default profile: "default"
2023-02-02 16:10:37.009  INFO 31952 --- [restartedMain] o.apache.catalina.core.StandardService   : Starting service [Tomcat]
2023-02-02 16:10:37.009  INFO 31952 --- [restartedMain] org.apache.catalina.core.StandardEngine  : Starting Servlet engine: [Apache Tomcat/9.0.71]
2023-02-02 16:10:37.094  INFO 31952 --- [restartedMain] o.a.c.c.C.[Tomcat].[localhost].[/]       : Initializing Spring embedded WebApplicationContext
2023-02-02 16:10:37.309  INFO 31952 --- [restartedMain] o.hibernate.jpa.internal.util.LogHelper  : HHH000204: Processing PersistenceUnitInfo [name: default]
2023-02-02 16:10:37.359  INFO 31952 --- [restartedMain] org.hibernate.Version                    : HHH000412: Hibernate ORM core version 5.6.14.Final
2023-02-02 16:10:37.518  INFO 31952 --- [restartedMain] o.hibernate.annotations.common.Version   : HCANN000001: Hibernate Commons Annotations {5.1.2.Final}
2023-02-02 16:10:37.615  INFO 31952 --- [restartedMain] com.zaxxer.hikari.HikariDataSource       : HikariPool-1 - Starting...
2023-02-02 16:10:38.002  INFO 31952 --- [restartedMain] com.zaxxer.hikari.HikariDataSource       : HikariPool-1 - Start completed.
2023-02-02 16:10:38.017  INFO 31952 --- [restartedMain] org.hibernate.dialect.Dialect            : HHH000400: Using dialect: org.hibernate.dialect.PostgreSQLDialect
2023-02-02 16:10:38.680  INFO 31952 --- [restartedMain] o.h.e.t.j.p.i.JtaPlatformInitiator       : HHH000490: Using JtaPlatform implementation: [org.hibernate.engine.transaction.jta.platform.internal.NoJtaPlatform]
2023-02-02 16:10:39.120  WARN 31952 --- [restartedMain] JpaBaseConfiguration$JpaWebConfiguration : spring.jpa.open-in-view is enabled by default. Therefore, database queries may be performed during view rendering. Explicitly configure spring.jpa.open-in-view to disable this warning
2023-02-02 16:10:39.555  WARN 31952 --- [restartedMain] o.s.b.d.a.OptionalLiveReloadServer       : Unable to start LiveReload server
2023-02-02 16:10:39.583  WARN 31952 --- [restartedMain] ConfigServletWebServerApplicationContext : Exception encountered during context initialization - cancelling refresh attempt: org.springframework.context.ApplicationContextException: Failed to start bean 'webServerStartStop'; nested exception is org.springframework.boot.web.server.PortInUseException: Port 2002 is already in use
2023-02-02 16:10:39.587  INFO 31952 --- [restartedMain] com.zaxxer.hikari.HikariDataSource       : HikariPool-1 - Shutdown initiated...
2023-02-02 16:10:39.699  INFO 31952 --- [restartedMain] com.zaxxer.hikari.HikariDataSource       : HikariPool-1 - Shutdown completed.
2023-02-02 16:10:39.703  INFO 31952 --- [restartedMain] o.apache.catalina.core.StandardService   : Stopping service [Tomcat]
2023-02-02 16:10:39.746 ERROR 31952 --- [restartedMain] o.s.b.d.LoggingFailureAnalysisReporter   : 

***************************
APPLICATION FAILED TO START
***************************

Description:

Web server failed to start. Port 2002 was already in use.

Action:

Identify and stop the process that's listening on port 2002 or configure this application to listen on another port.

2023-02-02 16:11:14.663  INFO 11476 --- [restartedMain] c.c.o.OnlinePlantApp1Application         : Starting OnlinePlantApp1Application using Java 17.0.5 on INLEN8520069525 with PID 11476 (C:\MySpringBootWork\OnlinePlantApp1\bin\main started by keejanga in C:\MySpringBootWork\OnlinePlantApp1)
2023-02-02 16:11:14.664  INFO 11476 --- [restartedMain] c.c.o.OnlinePlantApp1Application         : No active profile set, falling back to 1 default profile: "default"
2023-02-02 16:11:16.109  INFO 11476 --- [restartedMain] o.apache.catalina.core.StandardService   : Starting service [Tomcat]
2023-02-02 16:11:16.110  INFO 11476 --- [restartedMain] org.apache.catalina.core.StandardEngine  : Starting Servlet engine: [Apache Tomcat/9.0.71]
2023-02-02 16:11:16.191  INFO 11476 --- [restartedMain] o.a.c.c.C.[Tomcat].[localhost].[/]       : Initializing Spring embedded WebApplicationContext
2023-02-02 16:11:16.424  INFO 11476 --- [restartedMain] o.hibernate.jpa.internal.util.LogHelper  : HHH000204: Processing PersistenceUnitInfo [name: default]
2023-02-02 16:11:16.477  INFO 11476 --- [restartedMain] org.hibernate.Version                    : HHH000412: Hibernate ORM core version 5.6.14.Final
2023-02-02 16:11:16.651  INFO 11476 --- [restartedMain] o.hibernate.annotations.common.Version   : HCANN000001: Hibernate Commons Annotations {5.1.2.Final}
2023-02-02 16:11:16.755  INFO 11476 --- [restartedMain] com.zaxxer.hikari.HikariDataSource       : HikariPool-1 - Starting...
2023-02-02 16:11:17.120  INFO 11476 --- [restartedMain] com.zaxxer.hikari.HikariDataSource       : HikariPool-1 - Start completed.
2023-02-02 16:11:17.139  INFO 11476 --- [restartedMain] org.hibernate.dialect.Dialect            : HHH000400: Using dialect: org.hibernate.dialect.PostgreSQLDialect
2023-02-02 16:11:17.809  INFO 11476 --- [restartedMain] o.h.e.t.j.p.i.JtaPlatformInitiator       : HHH000490: Using JtaPlatform implementation: [org.hibernate.engine.transaction.jta.platform.internal.NoJtaPlatform]
2023-02-02 16:11:18.223  WARN 11476 --- [restartedMain] JpaBaseConfiguration$JpaWebConfiguration : spring.jpa.open-in-view is enabled by default. Therefore, database queries may be performed during view rendering. Explicitly configure spring.jpa.open-in-view to disable this warning
2023-02-02 16:11:18.647  WARN 11476 --- [restartedMain] o.s.b.d.a.OptionalLiveReloadServer       : Unable to start LiveReload server
2023-02-02 16:11:18.670  WARN 11476 --- [restartedMain] ConfigServletWebServerApplicationContext : Exception encountered during context initialization - cancelling refresh attempt: org.springframework.context.ApplicationContextException: Failed to start bean 'webServerStartStop'; nested exception is org.springframework.boot.web.server.PortInUseException: Port 2002 is already in use
2023-02-02 16:11:18.678  INFO 11476 --- [restartedMain] com.zaxxer.hikari.HikariDataSource       : HikariPool-1 - Shutdown initiated...
2023-02-02 16:11:18.764  INFO 11476 --- [restartedMain] com.zaxxer.hikari.HikariDataSource       : HikariPool-1 - Shutdown completed.
2023-02-02 16:11:18.769  INFO 11476 --- [restartedMain] o.apache.catalina.core.StandardService   : Stopping service [Tomcat]
2023-02-02 16:11:18.802 ERROR 11476 --- [restartedMain] o.s.b.d.LoggingFailureAnalysisReporter   : 

***************************
APPLICATION FAILED TO START
***************************

Description:

Web server failed to start. Port 2002 was already in use.

Action:

Identify and stop the process that's listening on port 2002 or configure this application to listen on another port.

